#
# There is insufficient memory for the Java Runtime Environment to continue.
# Native memory allocation (mmap) failed to map 260046848 bytes for G1 virtual space
# Possible reasons:
#   The system is out of physical RAM or swap space
#   The process is running with CompressedOops enabled, and the Java Heap may be blocking the growth of the native heap
# Possible solutions:
#   Reduce memory load on the system
#   Increase physical memory or swap space
#   Check if swap backing store is full
#   Decrease Java heap size (-Xmx/-Xms)
#   Decrease number of Java threads
#   Decrease Java thread stack sizes (-Xss)
#   Set larger code cache with -XX:ReservedCodeCacheSize=
#   JVM is running with Zero Based Compressed Oops mode in which the Java heap is
#     placed in the first 32GB address space. The Java Heap base address is the
#     maximum limit for the native heap growth. Please use -XX:HeapBaseMinAddress
#     to set the Java Heap base and to place the Java Heap above 32GB virtual address.
# This output file may be truncated or incomplete.
#
#  Out of Memory Error (os_windows.cpp:3771), pid=21940, tid=18708
#
# JRE version:  (17.0.7) (build )
# Java VM: OpenJDK 64-Bit Server VM (17.0.7+0-b2043.56-10550314, mixed mode, sharing, tiered, compressed oops, compressed class ptrs, g1 gc, windows-amd64)
# No core dump will be written. Minidumps are not enabled by default on client versions of Windows
#

---------------  S U M M A R Y ------------

Command Line: org.jetbrains.kotlin.cli.jvm.K2JVMCompiler @C:\Users\Mur\AndroidStudioProjects\barutros\app\build\20240205_8869522294786224848.compiler.options

Host: AMD Ryzen 5 4600H with Radeon Graphics         , 12 cores, 15G,  Windows 11 , 64 bit Build 22621 (10.0.22621.2506)
Time: Mon Feb  5 20:31:50 2024 Russia TZ 2 Standard Time elapsed time: 0.011200 seconds (0d 0h 0m 0s)

---------------  T H R E A D  ---------------

Current thread (0x000001627bd8f340):  JavaThread "Unknown thread" [_thread_in_vm, id=18708, stack(0x0000003000100000,0x0000003000200000)]

Stack: [0x0000003000100000,0x0000003000200000]
Native frames: (J=compiled Java code, j=interpreted, Vv=VM code, C=native code)
V  [jvm.dll+0x683bfa]
V  [jvm.dll+0x8430a4]
V  [jvm.dll+0x8449be]
V  [jvm.dll+0x845023]
V  [jvm.dll+0x24ad2f]
V  [jvm.dll+0x680ac9]
V  [jvm.dll+0x67519a]
V  [jvm.dll+0x30b3cb]
V  [jvm.dll+0x312876]
V  [jvm.dll+0x36221e]
V  [jvm.dll+0x36244f]
V  [jvm.dll+0x2e14a8]
V  [jvm.dll+0x2e2414]
V  [jvm.dll+0x814391]
V  [jvm.dll+0x36ffe1]
V  [jvm.dll+0x7f396c]
V  [jvm.dll+0x3f305f]
V  [jvm.dll+0x3f4b91]
C  [jli.dll+0x528f]
C  [ucrtbase.dll+0x29363]
C  [KERNEL32.DLL+0x1257d]
C  [ntdll.dll+0x5aa58]


---------------  P R O C E S S  ---------------

Threads class SMR info:
_java_thread_list=0x00007ffaa56cd098, length=0, elements={
}

Java Threads: ( => current thread )

Other Threads:
  0x000001627bdf9900 GCTaskThread "GC Thread#0" [stack: 0x0000003000200000,0x0000003000300000] [id=24876]
  0x000001627be09e10 ConcurrentGCThread "G1 Main Marker" [stack: 0x0000003000300000,0x0000003000400000] [id=21248]
  0x000001627be0a730 ConcurrentGCThread "G1 Conc#0" [stack: 0x0000003000400000,0x0000003000500000] [id=9260]

[error occurred during error reporting (printing all threads), id 0xc0000005, EXCEPTION_ACCESS_VIOLATION (0xc0000005) at pc=0x00007ffaa4e82087]

VM state: not at safepoint (not fully initialized)

VM Mutex/Monitor currently owned by a thread:  ([mutex/lock_event])
[0x000001627bd8c270] Heap_lock - owner thread: 0x000001627bd8f340

Heap address: 0x0000000709400000, size: 3948 MB, Compressed Oops mode: Zero based, Oop shift amount: 3

CDS archive(s) mapped at: [0x0000000000000000-0x0000000000000000-0x0000000000000000), size 0, SharedBaseAddress: 0x0000000800000000, ArchiveRelocationMode: 0.
Narrow klass base: 0x0000000000000000, Narrow klass shift: 0, Narrow klass range: 0x0

GC Precious Log:
<Empty>

Heap:
 garbage-first heap   total 0K, used 0K [0x0000000709400000, 0x0000000800000000)
  region size 2048K, 0 young (0K), 0 survivors (0K)
 Metaspace       used 0K, committed 0K, reserved 0K
  class space    used 0K, committed 0K, reserved 0K

Heap Regions: E=young(eden), S=young(survivor), O=old, HS=humongous(starts), HC=humongous(continues), CS=collection set, F=free, OA=open archive, CA=closed archive, TAMS=top-at-mark-start (previous, next)

Card table byte_map: [0x000001620f000000,0x000001620f7c0000] _byte_map_base: 0x000001620b7b6000

Marking Bits (Prev, Next): (CMBitMap*) 0x000001627bdf9e20, (CMBitMap*) 0x000001627bdf9e60
 Prev Bits: [0x000001620ff80000, 0x0000016213d30000)
 Next Bits: [0x0000016213d30000, 0x0000016217ae0000)

GC Heap History (0 events):
No events

Dll operation events (1 events):
Event: 0.007 Loaded shared library C:\Program Files\Android\Android Studio\jbr\bin\java.dll

Deoptimization events (0 events):
No events

Classes unloaded (0 events):
No events

Classes redefined (0 events):
No events

Internal exceptions (0 events):
No events

VM Operations (0 events):
No events

Events (0 events):
No events


Dynamic libraries:
0x00007ff78fcd0000 - 0x00007ff78fcda000 	C:\Program Files\Android\Android Studio\jbr\bin\java.exe
0x00007ffaff070000 - 0x00007ffaff287000 	C:\Windows\SYSTEM32\ntdll.dll
0x00007ffafcde0000 - 0x00007ffafcea4000 	C:\Windows\System32\KERNEL32.DLL
0x00007ffafc3b0000 - 0x00007ffafc756000 	C:\Windows\System32\KERNELBASE.dll
0x00007ffafc8c0000 - 0x00007ffafc9d1000 	C:\Windows\System32\ucrtbase.dll
0x00007ffaebba0000 - 0x00007ffaebbb7000 	C:\Program Files\Android\Android Studio\jbr\bin\jli.dll
0x00007ffae90f0000 - 0x00007ffae910b000 	C:\Program Files\Android\Android Studio\jbr\bin\VCRUNTIME140.dll
0x00007ffafed50000 - 0x00007ffafeefe000 	C:\Windows\System32\USER32.dll
0x00007ffafcd90000 - 0x00007ffafcdb6000 	C:\Windows\System32\win32u.dll
0x00007ffae4260000 - 0x00007ffae44f3000 	C:\Windows\WinSxS\amd64_microsoft.windows.common-controls_6595b64144ccf1df_6.0.22621.2506_none_270c5ae97388e100\COMCTL32.dll
0x00007ffafe840000 - 0x00007ffafe869000 	C:\Windows\System32\GDI32.dll
0x00007ffafe790000 - 0x00007ffafe837000 	C:\Windows\System32\msvcrt.dll
0x00007ffafc9e0000 - 0x00007ffafcaf8000 	C:\Windows\System32\gdi32full.dll
0x00007ffafc820000 - 0x00007ffafc8ba000 	C:\Windows\System32\msvcp_win.dll
0x00007ffafdd90000 - 0x00007ffafddc1000 	C:\Windows\System32\IMM32.DLL
0x00007ffaf1800000 - 0x00007ffaf180c000 	C:\Program Files\Android\Android Studio\jbr\bin\vcruntime140_1.dll
0x00007ffada3b0000 - 0x00007ffada43d000 	C:\Program Files\Android\Android Studio\jbr\bin\msvcp140.dll
0x00007ffaa4b90000 - 0x00007ffaa5810000 	C:\Program Files\Android\Android Studio\jbr\bin\server\jvm.dll
0x00007ffafcf60000 - 0x00007ffafd013000 	C:\Windows\System32\ADVAPI32.dll
0x00007ffafceb0000 - 0x00007ffafcf58000 	C:\Windows\System32\sechost.dll
0x00007ffafcb00000 - 0x00007ffafcb28000 	C:\Windows\System32\bcrypt.dll
0x00007ffafea50000 - 0x00007ffafeb67000 	C:\Windows\System32\RPCRT4.dll
0x00007ffaf8f60000 - 0x00007ffaf8f69000 	C:\Windows\SYSTEM32\WSOCK32.dll
0x00007ffaf3e20000 - 0x00007ffaf3e2a000 	C:\Windows\SYSTEM32\VERSION.dll
0x00007ffaf3ba0000 - 0x00007ffaf3bd4000 	C:\Windows\SYSTEM32\WINMM.dll
0x00007ffafe870000 - 0x00007ffafe8e1000 	C:\Windows\System32\WS2_32.dll
0x00007ffafb3a0000 - 0x00007ffafb3b8000 	C:\Windows\SYSTEM32\kernel.appcore.dll
0x00007ffaf8f30000 - 0x00007ffaf8f3a000 	C:\Program Files\Android\Android Studio\jbr\bin\jimage.dll
0x00007ffaf1840000 - 0x00007ffaf1a73000 	C:\Windows\SYSTEM32\DBGHELP.DLL
0x00007ffafdde0000 - 0x00007ffafe169000 	C:\Windows\System32\combase.dll
0x00007ffafef50000 - 0x00007ffaff027000 	C:\Windows\System32\OLEAUT32.dll
0x00007ffaf17c0000 - 0x00007ffaf17f2000 	C:\Windows\SYSTEM32\dbgcore.DLL
0x00007ffafcca0000 - 0x00007ffafcd1a000 	C:\Windows\System32\bcryptPrimitives.dll
0x00007ffaec400000 - 0x00007ffaec425000 	C:\Program Files\Android\Android Studio\jbr\bin\java.dll

dbghelp: loaded successfully - version: 4.0.5 - missing functions: none
symbol engine: initialized successfully - sym options: 0x614 - pdb path: .;C:\Program Files\Android\Android Studio\jbr\bin;C:\Windows\SYSTEM32;C:\Windows\WinSxS\amd64_microsoft.windows.common-controls_6595b64144ccf1df_6.0.22621.2506_none_270c5ae97388e100;C:\Program Files\Android\Android Studio\jbr\bin\server

VM Arguments:
java_command: org.jetbrains.kotlin.cli.jvm.K2JVMCompiler @C:\Users\Mur\AndroidStudioProjects\barutros\app\build\20240205_8869522294786224848.compiler.options
java_class_path (initial): C:\Users\Mur\.gradle\caches\modules-2\files-2.1\org.jetbrains.kotlin\kotlin-compiler-embeddable\1.9.0\2c8c3a7402becca891f12739b3e9fd2dc2adbd7a\kotlin-compiler-embeddable-1.9.0.jar;C:\Users\Mur\.gradle\caches\modules-2\files-2.1\org.jetbrains.kotlin\kotlin-stdlib\1.9.0\8ee15ef0c67dc83d874f412d84378d7f0eb50b63\kotlin-stdlib-1.9.0.jar;C:\Users\Mur\.gradle\caches\modules-2\files-2.1\org.jetbrains.kotlin\kotlin-script-runtime\1.9.0\4b3102cbbb7e1b58d9d1adf89563f00069ffa7d1\kotlin-script-runtime-1.9.0.jar;C:\Users\Mur\.gradle\caches\modules-2\files-2.1\org.jetbrains.kotlin\kotlin-reflect\1.6.10\1cbe9c92c12a94eea200d23c2bbaedaf3daf5132\kotlin-reflect-1.6.10.jar;C:\Users\Mur\.gradle\caches\modules-2\files-2.1\org.jetbrains.kotlin\kotlin-daemon-embeddable\1.9.0\186543f5e28cf8d9a0290fecc2cf34301c40a65c\kotlin-daemon-embeddable-1.9.0.jar;C:\Users\Mur\.gradle\caches\modules-2\files-2.1\org.jetbrains.intellij.deps\trove4j\1.0.20200330\3afb14d5f9ceb459d724e907a21145e8ff394f02\trove4j-1.0.20200330.jar;C:\Users\Mur\.gradle\caches\modules-2\files-2.1\org.jetbrains.kotlin\kotlin-stdlib-common\1.9.0\cd65c21cfd1eec4d44ef09f9f52b6d9f8a720636\kotlin-stdlib-common-1.9.0.jar;C:\Users\Mur\.gradle\caches\modules-2\files-2.1\org.jetbrains\annotations\13.0\919f0dfe192fb4e063e7dacadee7f8bb9a2672a9\annotations-13.0.jar
Launcher Type: SUN_STANDARD

[Global flags]
     intx CICompilerCount                          = 4                                         {product} {ergonomic}
     uint ConcGCThreads                            = 3                                         {product} {ergonomic}
     uint G1ConcRefinementThreads                  = 10                                        {product} {ergonomic}
   size_t G1HeapRegionSize                         = 2097152                                   {product} {ergonomic}
    uintx GCDrainStackTargetSize                   = 64                                        {product} {ergonomic}
   size_t InitialHeapSize                          = 260046848                                 {product} {ergonomic}
   size_t MarkStackSize                            = 4194304                                   {product} {ergonomic}
   size_t MaxHeapSize                              = 4139778048                                {product} {ergonomic}
   size_t MinHeapDeltaBytes                        = 2097152                                   {product} {ergonomic}
   size_t MinHeapSize                              = 8388608                                   {product} {ergonomic}
    uintx NonNMethodCodeHeapSize                   = 5839372                                {pd product} {ergonomic}
    uintx NonProfiledCodeHeapSize                  = 122909434                              {pd product} {ergonomic}
    uintx ProfiledCodeHeapSize                     = 122909434                              {pd product} {ergonomic}
    uintx ReservedCodeCacheSize                    = 251658240                              {pd product} {ergonomic}
     bool SegmentedCodeCache                       = true                                      {product} {ergonomic}
   size_t SoftMaxHeapSize                          = 4139778048                             {manageable} {ergonomic}
     bool UseCompressedClassPointers               = true                           {product lp64_product} {ergonomic}
     bool UseCompressedOops                        = true                           {product lp64_product} {ergonomic}
     bool UseG1GC                                  = true                                      {product} {ergonomic}
     bool UseLargePagesIndividualAllocation        = false                                  {pd product} {ergonomic}

Logging:
Log output configuration:
 #0: stdout all=warning uptime,level,tags
 #1: stderr all=off uptime,level,tags

Environment Variables:
PATH=C:\Windows\system32;C:\Windows;C:\Windows\System32\Wbem;C:\Windows\System32\WindowsPowerShell\v1.0\;C:\Windows\System32\OpenSSH\;C:\Program Files\dotnet\;C:\Program Files\Git\cmd;C:\Users\Mur\AppData\Local\Programs\Python\Python312\Scripts\;C:\Users\Mur\AppData\Local\Programs\Python\Python312\;C:\Users\Mur\AppData\Local\Microsoft\WindowsApps;C:\Users\Mur\AppData\Local\Programs\Microsoft VS Code\bin;C:\Program Files\Huawei\DevEco Studio\bin;C:\Users\Mur\AppData\Local\JetBrains\Toolbox\scripts;
USERNAME=Mur
OS=Windows_NT
PROCESSOR_IDENTIFIER=AMD64 Family 23 Model 96 Stepping 1, AuthenticAMD
TMP=C:\Users\Mur\AppData\Local\Temp
TEMP=C:\Users\Mur\AppData\Local\Temp


JNI global refs:
JNI global refs: 0, weak refs: 0

JNI global refs memory usage: 0, weak refs: 0

OOME stack traces (most recent first):
Classloader memory used:


---------------  S Y S T E M  ---------------

OS:
 Windows 11 , 64 bit Build 22621 (10.0.22621.2506)
OS uptime: 9 days 7:04 hours
Hyper-V role detected

CPU: total 12 (initial active 12) (12 cores per cpu, 2 threads per core) family 23 model 96 stepping 1 microcode 0x0, cx8, cmov, fxsr, ht, mmx, 3dnowpref, sse, sse2, sse3, ssse3, sse4a, sse4.1, sse4.2, popcnt, lzcnt, tsc, tscinvbit, avx, avx2, aes, clmul, bmi1, bmi2, adx, sha, fma, vzeroupper, clflush, clflushopt, hv

Memory: 4k page, system-wide physical 15789M (3633M free)
TotalPageFile size 63189M (AvailPageFile size 61M)
current process WorkingSet (physical memory assigned to process): 11M, peak: 11M
current process commit charge ("private bytes"): 64M, peak: 312M

vm_info: OpenJDK 64-Bit Server VM (17.0.7+0-b2043.56-10550314) for windows-amd64 JRE (17.0.7+0-b2043.56-10550314), built on Jul 24 2023 18:27:45 by "androidbuild" with MS VC++ 16.10 / 16.11 (VS2019)

END.
